<?xml version="1.0" encoding="UTF-8"?>
<!-- Generated by org.testng.reporters.JUnitXMLReporter -->
<testsuite hostname="Automata" ignored="1" name="Test" tests="5" failures="0" timestamp="02 Jan 2020 02:20:18 GMT" time="35.356" errors="0">
  <testcase name="verifyLoginError" time="12.212" classname="ups.test.UpsLoginPageTest"/>
  <testcase name="verifyLoginError" time="5.414" classname="ups.test.UpsLoginPageTest"/>
  <testcase name="verifyLoginError" time="5.478" classname="ups.test.UpsLoginPageTest"/>
  <testcase name="verifyLoginError" time="5.224" classname="ups.test.UpsLoginPageTest"/>
  <testcase name="verifyLoginError" time="5.778" classname="ups.test.UpsLoginPageTest"/>
  <testcase name="funLoginMsg" time="0.0" classname="ups.test.UpsLoginPageTest">
    <ignored/>
  </testcase> <!-- funLoginMsg -->
</testsuite> <!-- Test -->
