<?xml version="1.0" encoding="UTF-8"?>
<!-- Generated by org.testng.reporters.JUnitXMLReporter -->
<testsuite hostname="Automata" ignored="0" name="Default test" tests="6" failures="0" timestamp="02 Jan 2020 02:24:20 GMT" time="34.631" errors="0">
  <testcase name="funLoginMsg" time="0.004" classname="ups.test.UpsLoginPageTest"/>
  <testcase name="verifyLoginError" time="11.792" classname="ups.test.UpsLoginPageTest"/>
  <testcase name="verifyLoginError" time="5.294" classname="ups.test.UpsLoginPageTest"/>
  <testcase name="verifyLoginError" time="5.318" classname="ups.test.UpsLoginPageTest"/>
  <testcase name="verifyLoginError" time="5.49" classname="ups.test.UpsLoginPageTest"/>
  <testcase name="verifyLoginError" time="5.324" classname="ups.test.UpsLoginPageTest"/>
</testsuite> <!-- Default test -->
