<?xml version="1.0" encoding="UTF-8"?>
<!-- Generated by org.testng.reporters.JUnitXMLReporter -->
<testsuite hostname="Automata" ignored="0" name="Default test" tests="6" failures="0" timestamp="01 Jan 2020 22:30:22 GMT" time="34.902" errors="0">
  <testcase name="funLoginMsg" time="0.003" classname="ups.test.UpsLoginPageTest"/>
  <testcase name="verifyLoginError" time="13.177" classname="ups.test.UpsLoginPageTest"/>
  <testcase name="verifyLoginError" time="5.816" classname="ups.test.UpsLoginPageTest"/>
  <testcase name="verifyLoginError" time="4.869" classname="ups.test.UpsLoginPageTest"/>
  <testcase name="verifyLoginError" time="4.914" classname="ups.test.UpsLoginPageTest"/>
  <testcase name="verifyLoginError" time="4.945" classname="ups.test.UpsLoginPageTest"/>
</testsuite> <!-- Default test -->
