<?xml version="1.0" encoding="UTF-8"?>
<testng-results skipped="0" failed="0" ignored="0" total="6" passed="6">
  <reporter-output>
  </reporter-output>
  <suite name="Default suite" duration-ms="34902" started-at="2020-01-01T22:29:47Z" finished-at="2020-01-01T22:30:22Z">
    <groups>
      <group name="RegressionTest">
        <method signature="UpsLoginPageTest.funLoginMsg()[pri:1, instance:ups.test.UpsLoginPageTest@434a63ab]" name="funLoginMsg" class="ups.test.UpsLoginPageTest"/>
      </group> <!-- RegressionTest -->
      <group name="smokeTEst">
        <method signature="UpsLoginPageTest.verifyLoginError(java.lang.String, java.lang.String)[pri:2, instance:ups.test.UpsLoginPageTest@434a63ab]" name="verifyLoginError" class="ups.test.UpsLoginPageTest"/>
      </group> <!-- smokeTEst -->
    </groups>
    <test name="Default test" duration-ms="34902" started-at="2020-01-01T22:29:47Z" finished-at="2020-01-01T22:30:22Z">
      <class name="ups.test.UpsLoginPageTest">
        <test-method status="PASS" signature="beforeClass()[pri:0, instance:ups.test.UpsLoginPageTest@434a63ab]" name="beforeClass" is-config="true" duration-ms="19" started-at="2020-01-01T22:29:47Z" finished-at="2020-01-01T22:29:47Z">
          <reporter-output>
          </reporter-output>
        </test-method> <!-- beforeClass -->
        <test-method status="PASS" signature="funLoginMsg()[pri:1, instance:ups.test.UpsLoginPageTest@434a63ab]" name="funLoginMsg" duration-ms="3" started-at="2020-01-01T22:29:47Z" finished-at="2020-01-01T22:29:47Z">
          <reporter-output>
          </reporter-output>
        </test-method> <!-- funLoginMsg -->
        <test-method status="PASS" signature="verifyLoginError(java.lang.String, java.lang.String)[pri:2, instance:ups.test.UpsLoginPageTest@434a63ab]" name="verifyLoginError" duration-ms="13177" started-at="2020-01-01T22:29:48Z" data-provider="testdata" finished-at="2020-01-01T22:30:01Z">
          <params>
            <param index="0">
              <value>
                <![CDATA[suparno]]>
              </value>
            </param>
            <param index="1">
              <value>
                <![CDATA[34]]>
              </value>
            </param>
          </params>
          <reporter-output>
          </reporter-output>
        </test-method> <!-- verifyLoginError -->
        <test-method status="PASS" signature="verifyLoginError(java.lang.String, java.lang.String)[pri:2, instance:ups.test.UpsLoginPageTest@434a63ab]" name="verifyLoginError" duration-ms="5816" started-at="2020-01-01T22:30:01Z" data-provider="testdata" finished-at="2020-01-01T22:30:07Z">
          <params>
            <param index="0">
              <value>
                <![CDATA[promila]]>
              </value>
            </param>
            <param index="1">
              <value>
                <![CDATA[30]]>
              </value>
            </param>
          </params>
          <reporter-output>
          </reporter-output>
        </test-method> <!-- verifyLoginError -->
        <test-method status="PASS" signature="verifyLoginError(java.lang.String, java.lang.String)[pri:2, instance:ups.test.UpsLoginPageTest@434a63ab]" name="verifyLoginError" duration-ms="4869" started-at="2020-01-01T22:30:07Z" data-provider="testdata" finished-at="2020-01-01T22:30:11Z">
          <params>
            <param index="0">
              <value>
                <![CDATA[purushottam]]>
              </value>
            </param>
            <param index="1">
              <value>
                <![CDATA[27]]>
              </value>
            </param>
          </params>
          <reporter-output>
          </reporter-output>
        </test-method> <!-- verifyLoginError -->
        <test-method status="PASS" signature="verifyLoginError(java.lang.String, java.lang.String)[pri:2, instance:ups.test.UpsLoginPageTest@434a63ab]" name="verifyLoginError" duration-ms="4914" started-at="2020-01-01T22:30:11Z" data-provider="testdata" finished-at="2020-01-01T22:30:16Z">
          <params>
            <param index="0">
              <value>
                <![CDATA[abdul]]>
              </value>
            </param>
            <param index="1">
              <value>
                <![CDATA[30]]>
              </value>
            </param>
          </params>
          <reporter-output>
          </reporter-output>
        </test-method> <!-- verifyLoginError -->
        <test-method status="PASS" signature="verifyLoginError(java.lang.String, java.lang.String)[pri:2, instance:ups.test.UpsLoginPageTest@434a63ab]" name="verifyLoginError" duration-ms="4945" started-at="2020-01-01T22:30:16Z" data-provider="testdata" finished-at="2020-01-01T22:30:21Z">
          <params>
            <param index="0">
              <value>
                <![CDATA[shukesh ]]>
              </value>
            </param>
            <param index="1">
              <value>
                <![CDATA[23]]>
              </value>
            </param>
          </params>
          <reporter-output>
          </reporter-output>
        </test-method> <!-- verifyLoginError -->
        <test-method status="PASS" signature="tearDown()[pri:0, instance:ups.test.UpsLoginPageTest@434a63ab]" name="tearDown" is-config="true" duration-ms="669" started-at="2020-01-01T22:30:21Z" finished-at="2020-01-01T22:30:22Z">
          <reporter-output>
          </reporter-output>
        </test-method> <!-- tearDown -->
      </class> <!-- ups.test.UpsLoginPageTest -->
    </test> <!-- Default test -->
  </suite> <!-- Default suite -->
</testng-results>
