<?xml version="1.0" encoding="UTF-8"?>
<!-- Generated by org.testng.reporters.JUnitXMLReporter -->
<testsuite hostname="Automata" ignored="1" name="Sanity Test 1" tests="1" failures="0" timestamp="08 Dec 2019 21:30:27 GMT" time="3.028" errors="0">
  <testcase name="funTrackingMsg" time="3.006" classname="ups.test.UpsTrackingPageTest"/>
  <testcase name="verifyTrackingError" time="0.0" classname="ups.test.UpsTrackingPageTest">
    <ignored/>
  </testcase> <!-- verifyTrackingError -->
</testsuite> <!-- Sanity Test 1 -->
