<?xml version="1.0" encoding="UTF-8"?>
<!-- Generated by org.testng.reporters.JUnitXMLReporter -->
<testsuite hostname="Automata" ignored="3" name="Sanity Test 2" tests="1" failures="0" timestamp="08 Dec 2019 21:04:33 GMT" time="8.977" errors="0">
  <testcase name="funLoginMsg" time="0.002" classname="ups.test.UpsLoginPageTest"/>
  <testcase name="funTrackingMsg" time="0.0" classname="ups.test.UpsTrackingPageTest">
    <ignored/>
  </testcase> <!-- funTrackingMsg -->
  <testcase name="verifyLoginError" time="0.0" classname="ups.test.UpsLoginPageTest">
    <ignored/>
  </testcase> <!-- verifyLoginError -->
  <testcase name="verifyTrackingError" time="0.0" classname="ups.test.UpsTrackingPageTest">
    <ignored/>
  </testcase> <!-- verifyTrackingError -->
</testsuite> <!-- Sanity Test 2 -->
